Base path: C:/Program Files (x86)/Unity/Editor/Data
Pipe name: \\.\pipe\UnityShaderCompiler-1-17516
Cmd: getPlatforms
Cmd: preprocess
  insize=2353 outsize=441 ok=1
Cmd: compileSnippet
  api=4 type=0 insize=2211 outsize=1128 kw= ok=1
Cmd: compileSnippet
  api=4 type=1 insize=2211 outsize=2517 kw= ok=1
Cmd: preprocess
  insize=5122 outsize=2085 ok=1
Cmd: compileSnippet
  api=4 type=0 insize=3341 outsize=2087 kw=WATER_REFRACTIVE ok=1
Cmd: compileSnippet
  api=4 type=1 insize=3341 outsize=2875 kw=WATER_REFRACTIVE ok=1
Cmd: preprocess
  insize=620 outsize=1383 ok=1
Cmd: compileSnippet
  api=4 type=0 insize=4376 outsize=2607 kw=DIRECTIONAL SHADOWS_OFF LIGHTMAP_OFF DIRLIGHTMAP_OFF ok=1
Cmd: compileSnippet
  api=4 type=1 insize=4376 outsize=1485 kw=DIRECTIONAL SHADOWS_OFF LIGHTMAP_OFF DIRLIGHTMAP_OFF ok=1
Cmd: compileSnippet
  api=4 type=0 insize=2339 outsize=2875 kw=POINT ok=1
Cmd: compileSnippet
  api=4 type=1 insize=2339 outsize=1786 kw=POINT ok=1
Cmd: compileSnippet
  api=4 type=0 insize=1998 outsize=1697 kw= ok=1
Cmd: compileSnippet
  api=4 type=1 insize=1998 outsize=1063 kw= ok=1
Cmd: compileSnippet
  api=4 type=0 insize=4076 outsize=2883 kw=LIGHTMAP_OFF DIRLIGHTMAP_OFF HDR_LIGHT_PREPASS_OFF ok=1
Cmd: compileSnippet
  api=4 type=1 insize=4076 outsize=1428 kw=LIGHTMAP_OFF DIRLIGHTMAP_OFF HDR_LIGHT_PREPASS_OFF ok=1
Cmd: compileSnippet
  api=4 type=0 insize=2339 outsize=1851 kw=DIRECTIONAL ok=1
Cmd: compileSnippet
  api=4 type=1 insize=2339 outsize=1372 kw=DIRECTIONAL ok=1
Cmd: compileSnippet
  api=4 type=0 insize=4376 outsize=1493 kw=DIRECTIONAL SHADOWS_OFF LIGHTMAP_ON DIRLIGHTMAP_OFF ok=1
Cmd: compileSnippet
  api=4 type=1 insize=4376 outsize=1307 kw=DIRECTIONAL SHADOWS_OFF LIGHTMAP_ON DIRLIGHTMAP_OFF ok=1
Cmd: compileSnippet
  api=4 type=0 insize=4376 outsize=1883 kw=DIRECTIONAL SHADOWS_SCREEN LIGHTMAP_ON DIRLIGHTMAP_OFF ok=1
Cmd: compileSnippet
  api=4 type=1 insize=4376 outsize=1851 kw=DIRECTIONAL SHADOWS_SCREEN LIGHTMAP_ON DIRLIGHTMAP_OFF ok=1
